0 info it worked if it ends with ok
1 verbose cli [ '/usr/bin/nodejs',
1 verbose cli   '/usr/bin/npm',
1 verbose cli   'run',
1 verbose cli   'babel-node',
1 verbose cli   'src/server.js' ]
2 info using npm@3.3.8
3 info using node@v4.2.1
4 verbose run-script [ 'prebabel-node', 'babel-node', 'postbabel-node' ]
5 info lifecycle web_development_with_js@1.0.0~prebabel-node: web_development_with_js@1.0.0
6 silly lifecycle web_development_with_js@1.0.0~prebabel-node: no script for prebabel-node, continuing
7 info lifecycle web_development_with_js@1.0.0~babel-node: web_development_with_js@1.0.0
8 verbose lifecycle web_development_with_js@1.0.0~babel-node: unsafe-perm in lifecycle true
9 verbose lifecycle web_development_with_js@1.0.0~babel-node: PATH: /usr/lib/node_modules/npm/bin/node-gyp-bin:/home/user/Desktop/fraktioDev/web-development-with-js/node_modules/.bin:/usr/lib/node_modules/npm/bin/node-gyp-bin:/home/user/Desktop/fraktioDev/web-development-with-js/node_modules/.bin:/usr/local/sbin:/usr/local/bin:/usr/sbin:/usr/bin:/sbin:/bin:/usr/games:/usr/local/games
10 verbose lifecycle web_development_with_js@1.0.0~babel-node: CWD: /home/user/Desktop/fraktioDev/web-development-with-js
11 silly lifecycle web_development_with_js@1.0.0~babel-node: Args: [ '-c', 'babel-node --stage=0 "src/server.js"' ]
12 silly lifecycle web_development_with_js@1.0.0~babel-node: Returned: code: 1  signal: null
13 info lifecycle web_development_with_js@1.0.0~babel-node: Failed to exec babel-node script
14 verbose stack Error: web_development_with_js@1.0.0 babel-node: `babel-node --stage=0 "src/server.js"`
14 verbose stack Exit status 1
14 verbose stack     at EventEmitter.<anonymous> (/usr/lib/node_modules/npm/lib/utils/lifecycle.js:233:16)
14 verbose stack     at emitTwo (events.js:87:13)
14 verbose stack     at EventEmitter.emit (events.js:172:7)
14 verbose stack     at ChildProcess.<anonymous> (/usr/lib/node_modules/npm/lib/utils/spawn.js:24:14)
14 verbose stack     at emitTwo (events.js:87:13)
14 verbose stack     at ChildProcess.emit (events.js:172:7)
14 verbose stack     at maybeClose (internal/child_process.js:818:16)
14 verbose stack     at Process.ChildProcess._handle.onexit (internal/child_process.js:211:5)
15 verbose pkgid web_development_with_js@1.0.0
16 verbose cwd /home/user/Desktop/fraktioDev/web-development-with-js
17 error Linux 3.19.0-15-generic
18 error argv "/usr/bin/nodejs" "/usr/bin/npm" "run" "babel-node" "src/server.js"
19 error node v4.2.1
20 error npm  v3.3.8
21 error code ELIFECYCLE
22 error web_development_with_js@1.0.0 babel-node: `babel-node --stage=0 "src/server.js"`
22 error Exit status 1
23 error Failed at the web_development_with_js@1.0.0 babel-node script 'babel-node --stage=0 "src/server.js"'.
23 error This is most likely a problem with the web_development_with_js package,
23 error not with npm itself.
23 error Tell the author that this fails on your system:
23 error     babel-node --stage=0 "src/server.js"
23 error You can get their info via:
23 error     npm owner ls web_development_with_js
23 error There is likely additional logging output above.
24 verbose exit [ 1, true ]
